

Started GET "/assets/rails.png" for 127.0.0.1 at 2013-10-13 00:31:11 -0700
Connecting to database specified by database.yml
Served asset /rails.png - 200 OK (8ms)


Started GET "/assets/rails.png" for 127.0.0.1 at 2013-10-13 00:31:11 -0700
Served asset /rails.png - 304 Not Modified (0ms)


Started GET "/movies" for 127.0.0.1 at 2013-10-13 00:31:21 -0700
Processing by MoviesController#index as HTML
Redirected to http://localhost:3000/movies?ratings%5B%5D=PG
Completed 302 Found in 1ms (ActiveRecord: 0.0ms)


Started GET "/movies?ratings%5B%5D=PG" for 127.0.0.1 at 2013-10-13 00:31:21 -0700
Processing by MoviesController#index as HTML
  Parameters: {"ratings"=>["PG"]}
Completed 500 Internal Server Error in 0ms

NoMethodError (undefined method `keys' for ["PG"]:Array):
  app/controllers/movies_controller.rb:29:in `index'


  Rendered /Users/Kevin/.rvm/gems/ruby-1.9.3-p448/gems/actionpack-3.2.14/lib/action_dispatch/middleware/templates/rescues/_trace.erb (1.4ms)
  Rendered /Users/Kevin/.rvm/gems/ruby-1.9.3-p448/gems/actionpack-3.2.14/lib/action_dispatch/middleware/templates/rescues/_request_and_response.erb (1.1ms)
  Rendered /Users/Kevin/.rvm/gems/ruby-1.9.3-p448/gems/actionpack-3.2.14/lib/action_dispatch/middleware/templates/rescues/diagnostics.erb within rescues/layout (17.6ms)
Connecting to database specified by database.yml
  [1m[36m (3.1ms)[0m  [1mSELECT "schema_migrations"."version" FROM "schema_migrations" [0m
Migrating to CreateMovies (20111119180638)
  [1m[35m (0.6ms)[0m  select sqlite_version(*)
  [1m[36m (0.1ms)[0m  [1mSELECT "schema_migrations"."version" FROM "schema_migrations" [0m


Started GET "/assets/rails.png" for 127.0.0.1 at 2013-10-13 01:06:05 -0700
Connecting to database specified by database.yml
Served asset /rails.png - 304 Not Modified (3ms)


Started GET "/movies" for 127.0.0.1 at 2013-10-13 01:06:08 -0700
Processing by MoviesController#index as HTML
Redirected to http://localhost:3000/movies?ratings%5B%5D=PG
Completed 302 Found in 1ms (ActiveRecord: 0.0ms)


Started GET "/movies?ratings%5B%5D=PG" for 127.0.0.1 at 2013-10-13 01:06:08 -0700
Processing by MoviesController#index as HTML
  Parameters: {"ratings"=>["PG"]}
Completed 500 Internal Server Error in 0ms

NoMethodError (undefined method `keys' for ["PG"]:Array):
  app/controllers/movies_controller.rb:29:in `index'


  Rendered /Users/Kevin/.rvm/gems/ruby-1.9.3-p448/gems/actionpack-3.2.14/lib/action_dispatch/middleware/templates/rescues/_trace.erb (1.4ms)
  Rendered /Users/Kevin/.rvm/gems/ruby-1.9.3-p448/gems/actionpack-3.2.14/lib/action_dispatch/middleware/templates/rescues/_request_and_response.erb (1.8ms)
  Rendered /Users/Kevin/.rvm/gems/ruby-1.9.3-p448/gems/actionpack-3.2.14/lib/action_dispatch/middleware/templates/rescues/diagnostics.erb within rescues/layout (19.6ms)
Connecting to database specified by database.yml
  [1m[36m (5.8ms)[0m  [1mSELECT "schema_migrations"."version" FROM "schema_migrations" [0m
  [1m[35m (0.5ms)[0m  select sqlite_version(*)
  [1m[36m (1.5ms)[0m  [1mCREATE TABLE "movies" ("id" INTEGER PRIMARY KEY AUTOINCREMENT NOT NULL, "title" varchar(255), "rating" varchar(255), "description" text, "release_date" datetime, "created_at" datetime, "updated_at" datetime) [0m
  [1m[35m (1.0ms)[0m  CREATE TABLE "schema_migrations" ("version" varchar(255) NOT NULL) 
  [1m[36m (0.9ms)[0m  [1mCREATE UNIQUE INDEX "unique_schema_migrations" ON "schema_migrations" ("version")[0m
  [1m[35m (0.1ms)[0m  SELECT version FROM "schema_migrations"
  [1m[36m (0.8ms)[0m  [1mINSERT INTO "schema_migrations" (version) VALUES ('20120130161449')[0m
  [1m[35m (0.7ms)[0m  INSERT INTO "schema_migrations" (version) VALUES ('20111119180638')
